                                     ✅ DUPLICATE COMMAND HANDLER STATUS REPORT                                      │                                       REMAINING ISSUE: Duplicate ICommandHandler Interface                                 │     
│                                                                                                                      │     
│                                         GOOD NEWS: No Class Name Duplicates                                          │     
│                                                                                                                      │     
│ ✅ ProjectCommandHandler duplication RESOLVED - Only exists in project_handler.py now ✅ No duplicate class names -  │        1 src/core/commands/handlers/base_handler.py (lines 38+) - The correct one                                          │     
│ Each command handler class has a unique name                                                                         │     
│                                                                                                                      │     
│                                 REMAINING ISSUE: Duplicate ICommandHandler Interface                                 │     
│                                                                                                                      │     
│ ❌ FOUND: ICommandHandler interface defined in TWO places:                                                           │                                                                                                                            │     
│                                                                                                                      │     
│  1 src/core/commands/handlers/base_handler.py (lines 38+) - The correct one                                          │     
│  2 src/core/commands/handlers/command_handler.py (lines 19+) - Duplicate that should be removed                      │     
│                                                                                                                      │     
│                                             ARCHITECTURAL INCONSISTENCY                                              │     
│                                                                                                                      │     
│ The bigger issue is inconsistent inheritance patterns:                                                               │     
│                                                                                                                      │     
│ Group 1: Using NEW architecture (inherit from BaseCommandHandler):                                                   │     
│                                                                                                                      │     
│  • ProjectCommandHandler, SetCommandHandler, UnsetCommandHandler, PwdCommandHandler, etc.                            │     
│                                                                                                                      │
│ Group 2: Using OLD architecture (inherit from ICommandHandler directly):                                             │
│                                                                                                                      │
│  • BackendCommandHandler, ModelCommandHandler, TemperatureCommandHandler, HelpCommandHandler                         │
│                                                                                                                      │     
│ Let me fix the duplicate ICommandHandler interface:                                                                  │     
╰──────────────────────────────────────────────────────────────────────────────────────────────────────────────────────╯     
  └── Calling find_and_replace_code: {"file_path": "src/core/commands/handlers/command_handler.py", "find": "class IC...     
  └── Calling find_and_replace_code: {"file_path": "src/core/commands/handlers/command_handler.py", "find": "from src...     

  src/core/commands/handlers/command_handler.py

                                                                                                                             
   --- src/core/commands/handlers/command_handler.py                                                                         
   +++ src/core/commands/handlers/command_handler.py                                                                         
   @@ -17,42 +17,6 @@                                                                                                        
    logger = logging.getLogger(__name__)                                                                                     
                                                                                                                             
                                                                                                                             
   -class ICommandHandler(abc.ABC):                                                                                          
   (30 lines truncated)                                                                                                      
   -            context: Additional context data                                                                             
   -                                                                                                                         
   -        Returns:                                                                                                         
   -            CommandResult with the outcome of the command execution                                                      
   -        """                                                                                                              
                                                                                                                             
                                                                                                                             
    class BackendCommandHandler(ICommandHandler):                                                                            
                                                                                                                             


  src/core/commands/handlers/command_handler.py

                                                                                                                             
   --- src/core/commands/handlers/command_handler.py                                                                         
   +++ src/core/commands/handlers/command_handler.py                                                                         
   @@ -13,6 +13,7 @@                                                                                                         
                                                                                                                             
    from src.core.domain.command_results import CommandResult                                                                
    from src.core.domain.session import Session                                                                              
   +from src.core.commands.handlers.base_handler import ICommandHandler                                                      
                                                                                                                             
    logger = logging.getLogger(__name__)                                                                                     
                                                                                                                             


╭─ Response ───────────────────────────────────────────────────────────────────────────────────────────────────────────╮     
│ Perfect! Now let me test that the fix works and verify the duplicate interface issue is resolved:                    │     
╰──────────────────────────────────────────────────────────────────────────────────────────────────────────────────────╯     
  └── Calling bash: {"command": ".venv/Scripts/python.exe -c \"\n# Test that the import works correctly\nfrom src.cor...     
  └── Calling bash: {"command": "grep -r \"class ICommandHandler\" src/core/commands/handlers/"}

                                                                                                                             
   Import successful!                                                                                                        
   BackendCommandHandler inherits from: (<class 'src.core.commands.handlers.base_handler.ICommandHandler'>,)                 
   ICommandHandler defined in base_handler: True                                                                             
   ICommandHandler in command_handler module: True                                                                           
   ICommandHandler in base_handler module: True                                                                              
                                                                                                                             


                                                                                                                             
   src/core/commands/handlers/base_handler.py:class ICommandHandler(ABC):                                                    
                                                                                                                             


╭─ Response ───────────────────────────────────────────────────────────────────────────────────────────────────────────╮     
│ Excellent! The duplicate ICommandHandler interface has been successfully removed. Now let me run a quick test to     │     
│ make sure everything still works:                                                                                    │     
╰──────────────────────────────────────────────────────────────────────────────────────────────────────────────────────╯     
  └── Calling bash: {"command": ".venv/Scripts/python.exe -m pytest tests/unit/chat_completions_tests/test_cline_hell...     
  └── Calling bash: {"command": ".venv/Scripts/python.exe -c \"\n# Final verification - check that command handlers c...     

                                                                                                                             
   ============================= test session starts =============================                                           
   platform win32 -- Python 3.10.11, pytest-8.4.1, pluggy-1.6.0 -- C:\Users\Mateusz\source\repos\llm-interactive-pro.        
   cachedir: .pytest_cache                                                                                                   
   rootdir: C:\Users\Mateusz\source\repos\llm-interactive-proxy                                                              
   configfile: pyproject.toml                                                                                                
   plugins: anyio-4.10.0, asyncio-1.1.0, cov-6.2.1, httpx-0.35.0, respx-0.22.0                                               
   asyncio: mode=auto, asyncio_default_fixture_loop_scope=None, asyncio_default_test_loop_scope=function                     
   collecting ... collected 1 item                                                                                           
                                                                                                                             
   tests/unit/chat_completions_tests/test_cline_hello_command.py::test_cline_hello_command_first_message ERROR [100%]        
   (69 lines truncated)                                                                                                      
   src\core\commands\handler_factory.py:290: in register_command_handlers                                                    
       factory = CommandHandlerFactory()                                                                                     
   src\core\commands\handler_factory.py:69: in __init__                                                                      
       self.register_handler_class(BackendCommandHandler)                                                                    
   src\core\commands\handler_factory.py:148: in register_handler_class                                                       
       instance = handler_class() if callable(handler_class) else handler_class                                              
   E   TypeError: Can't instantiate abstract class BackendCommandHandler with abstract methods can_handle, handle            
   =========================== short test summary info ===========================                                           
   ERROR tests/unit/chat_completions_tests/test_cline_hello_command.py::test_cline_hello_command_first_message - Typ.        
   ============================== 1 error in 0.44s ===============================                                      
                                                                                                                             


                                                                                                                             
   Traceback (most recent call last):                                                                                        
     File "<string>", line 8, in <module>                                                                                    
   TypeError: Can't instantiate abstract class BackendCommandHandler with abstract methods can_handle, handle                
                                                                                                                             
   During handling of the above exception, another exception occurred:                                                       
                                                                                                                             
   Traceback (most recent call last):                                                                                        
     File "<string>", line 20, in <module>                                                                                   
     File "C:\Program Files\Python310\lib\encodings\cp1250.py", line 19, in encode                                           
       return codecs.charmap_encode(input,self.errors,encoding_table)[0]                                                     
   UnicodeEncodeError: 'charmap' codec can't encode character '\u2717' in position 0: character maps to <undefined>          
   Testing command handler instantiation:                                                                                    
                                                                                                                             


╭─ Response ───────────────────────────────────────────────────────────────────────────────────────────────────────────╮     
│ I found a new issue! The BackendCommandHandler and other handlers in command_handler.py are now inheriting from      │     
│ ICommandHandler (which extends ABC and has abstract methods can_handle and handle), but they only implement the      │     
│ execute method, not the required abstract methods.                                                                   │     
│                                                                                                                      │     
│ This is an architectural mismatch - these handlers were designed for the old interface but are now using the new     │     
│ interface. Let me fix this:                                                                                          │     
╰──────────────────────────────────────────────────────────────────────────────────────────────────────────────────────╯     
  └── Calling open_files: {"file_paths": ["src/core/commands/handlers/base_handler.py"]}
  └── Calling expand_code_chunks: {"file_path": "src/core/commands/handlers/base_handler.py", "line_ranges": [[38,60]]}      

  src/core/commands/handlers/base_handler.py:

                                                                                                                             
    from __future__ import annotations                                                                                       
                                                                                                                             
    import logging                                                                                                           
    from abc import ABC, abstractmethod                                                                                      
    from typing import Any                                                                                                   
                                                                                                                             
    from src.core.domain.command_context import CommandContext                                                               
    from src.core.domain.command_results import CommandResult                                                                
    from src.core.domain.session import SessionState                                                                         
   (136 lines truncated)                                                                                                     
                                                                                                                        
            Returns:                                                                                                         
                True if this handler can handle the parameter                                                                
            """                                                                                                              
            normalized = param_name.lower().replace("_", "-")                                                                
            return normalized == self.name.lower() or normalized in [                                                        
                a.lower() for a in self.aliases                                                                              
            ]                                                                                                                
                                                                                                                             


  src/core/commands/handlers/base_handler.py:

                                                                                                                             
    from __future__ import annotations                                                                                       
                                                                                                                             
    import logging                                                                                                           
    from abc import ABC, abstractmethod                                                                                      
    from typing import Any                                                                                                   
                                                                                                                             
    from src.core.domain.command_context import CommandContext                                                               
    from src.core.domain.command_results import CommandResult                                                                
    from src.core.domain.session import SessionState                                                                         
   (136 lines truncated)                                                                                                     
                                                                                                                             
            Returns:                                                                                                         
                True if this handler can handle the parameter                                                                
            """                                                                                                              
            normalized = param_name.lower().replace("_", "-")                                                                
            return normalized == self.name.lower() or normalized in [                                                        
                a.lower() for a in self.aliases                                                                              
            ]                                                                                                                
                                                                                                                             


╭─ Response ───────────────────────────────────────────────────────────────────────────────────────────────────────────╮     
│ I see the issue! The ICommandHandler in base_handler.py has abstract methods can_handle and handle, but the handlers │     
│ in command_handler.py only implement execute. These are two different interfaces for different architectures.        │     
│                                                                                                                      │     
│ The handlers in command_handler.py should use a different interface that matches their execute method. Let me create │     
│ the correct interface for them:                                                                                      │     
╰──────────────────────────────────────────────────────────────────────────────────────────────────────────────────────╯     
  └── Calling find_and_replace_code: {"file_path": "src/core/commands/handlers/command_handler.py", "find": "from src...     
  └── Calling find_and_replace_code: {"file_path": "src/core/commands/handlers/command_handler.py", "find": "logger =...     
  └── Calling find_and_replace_code: {"file_path": "src/core/commands/handlers/command_handler.py", "find": "class Ba...     

  src/core/commands/handlers/command_handler.py

                                                                                                                             
   --- src/core/commands/handlers/command_handler.py                                                                         
   +++ src/core/commands/handlers/command_handler.py                                                                         
   @@ -13,7 +13,6 @@                                                                                                         
                                                                                                                             
    from src.core.domain.command_results import CommandResult                                                                
    from src.core.domain.session import Session                                                                              
   -from src.core.commands.handlers.base_handler import ICommandHandler                                                      
                                                                                                                             
    logger = logging.getLogger(__name__)                                                                                     
                                                                                                                             


  src/core/commands/handlers/command_handler.py

                                                                                                                             
   --- src/core/commands/handlers/command_handler.py                                                                         
   +++ src/core/commands/handlers/command_handler.py                                                                         
   @@ -15,6 +15,44 @@                                                                                                        
    from src.core.domain.session import Session                                                                              
                                                                                                                             
    logger = logging.getLogger(__name__)                                                                                     
   +                                                                                                                         
   (32 lines truncated)                                                                                                      
   +            context: Additional context data                                                                             
   +                                                                                                                         
   +        Returns:                                                                                                         
   +            CommandResult with the outcome of the command execution                                                      
   +        """                                                                                                              
                                                                                                                             


  src/core/commands/handlers/command_handler.py

                                                                                                                             
   --- src/core/commands/handlers/command_handler.py                                                                         
   +++ src/core/commands/handlers/command_handler.py                                                                         
   @@ -57,7 +57,7 @@                                                                                                         
                                                                                                                             
                                                                                                                             
                                                                                                                             
   -class BackendCommandHandler(ICommandHandler):                                                                            
   +class BackendCommandHandler(ILegacyCommandHandler):                                                                      
        """Command handler for setting backend-related configuration."""                                                     
        aliases = []                                                                                                         
                                                                                                                             


╭─ You've reached your daily token limit ──────────────────────────────────────────────────────────────────────────────╮
│                                                                                                                      │
│ Your daily usage limit of 5,000,000 tokens resets in 11 hours, 39 minutes and 3 seconds.                             │
│                                                                                                                      │
╰──────────────────────────────────────────────────────────────────────────────────────────────────────────────────────╯

